<?xml version="1.0" encoding="UTF-8"?>
<coverage generated="1768804566388" clover="3.2.0">
  <project timestamp="1768804566388" name="All files">
    <metrics statements="66" coveredstatements="66" conditionals="40" coveredconditionals="40" methods="17" coveredmethods="17" elements="123" coveredelements="123" complexity="0" loc="66" ncloc="66" packages="3" files="6" classes="6"/>
    <package name="app">
      <metrics statements="11" coveredstatements="11" conditionals="2" coveredconditionals="2" methods="2" coveredmethods="2"/>
      <file name="layout.tsx" path="/Users/jianzhang/agi/pal/frontend/src/app/layout.tsx">
        <metrics statements="5" coveredstatements="5" conditionals="0" coveredconditionals="0" methods="1" coveredmethods="1"/>
        <line num="2" count="1" type="stmt"/>
        <line num="3" count="1" type="stmt"/>
        <line num="5" count="1" type="stmt"/>
        <line num="7" count="1" type="stmt"/>
        <line num="12" count="3" type="stmt"/>
      </file>
      <file name="page.tsx" path="/Users/jianzhang/agi/pal/frontend/src/app/page.tsx">
        <metrics statements="6" coveredstatements="6" conditionals="2" coveredconditionals="2" methods="1" coveredmethods="1"/>
        <line num="1" count="1" type="stmt"/>
        <line num="2" count="1" type="stmt"/>
        <line num="4" count="13" type="stmt"/>
        <line num="5" count="13" type="stmt"/>
        <line num="6" count="13" type="stmt"/>
        <line num="14" count="8" type="stmt"/>
      </file>
    </package>
    <package name="components">
      <metrics statements="36" coveredstatements="36" conditionals="28" coveredconditionals="28" methods="11" coveredmethods="11"/>
      <file name="Dashboard.tsx" path="/Users/jianzhang/agi/pal/frontend/src/components/Dashboard.tsx">
        <metrics statements="26" coveredstatements="26" conditionals="12" coveredconditionals="12" methods="7" coveredmethods="7"/>
        <line num="4" count="1" type="stmt"/>
        <line num="5" count="1" type="stmt"/>
        <line num="6" count="1" type="stmt"/>
        <line num="7" count="1" type="stmt"/>
        <line num="14" count="1" type="stmt"/>
        <line num="30" count="93" type="cond" truecount="2" falsecount="0"/>
        <line num="33" count="37" type="stmt"/>
        <line num="34" count="50" type="stmt"/>
        <line num="35" count="50" type="stmt"/>
        <line num="36" count="50" type="stmt"/>
        <line num="38" count="50" type="stmt"/>
        <line num="39" count="7" type="stmt"/>
        <line num="40" count="7" type="stmt"/>
        <line num="42" count="7" type="stmt"/>
        <line num="44" count="7" type="stmt"/>
        <line num="47" count="3" type="stmt"/>
        <line num="49" count="2" type="stmt"/>
        <line num="50" count="2" type="stmt"/>
        <line num="52" count="4" type="stmt"/>
        <line num="53" count="4" type="stmt"/>
        <line num="55" count="6" type="stmt"/>
        <line num="60" count="50" type="stmt"/>
        <line num="61" count="133" type="cond" truecount="2" falsecount="0"/>
        <line num="108" count="49" type="stmt"/>
        <line num="124" count="93" type="stmt"/>
        <line num="125" count="93" type="stmt"/>
      </file>
      <file name="Header.tsx" path="/Users/jianzhang/agi/pal/frontend/src/components/Header.tsx">
        <metrics statements="3" coveredstatements="3" conditionals="5" coveredconditionals="5" methods="1" coveredmethods="1"/>
        <line num="4" count="2" type="stmt"/>
        <line num="12" count="67" type="cond" truecount="1" falsecount="0"/>
        <line num="13" count="67" type="stmt"/>
      </file>
      <file name="ModuleCard.tsx" path="/Users/jianzhang/agi/pal/frontend/src/components/ModuleCard.tsx">
        <metrics statements="7" coveredstatements="7" conditionals="11" coveredconditionals="11" methods="3" coveredmethods="3"/>
        <line num="4" count="2" type="stmt"/>
        <line num="11" count="2" type="stmt"/>
        <line num="18" count="2" type="stmt"/>
        <line num="25" count="128" type="stmt"/>
        <line num="26" count="139" type="stmt"/>
        <line num="64" count="11" type="stmt"/>
        <line num="73" count="22" type="stmt"/>
      </file>
    </package>
    <package name="lib">
      <metrics statements="19" coveredstatements="19" conditionals="10" coveredconditionals="10" methods="4" coveredmethods="4"/>
      <file name="api.ts" path="/Users/jianzhang/agi/pal/frontend/src/lib/api.ts">
        <metrics statements="19" coveredstatements="19" conditionals="10" coveredconditionals="10" methods="4" coveredmethods="4"/>
        <line num="6" count="4" type="cond" truecount="2" falsecount="0"/>
        <line num="8" count="5" type="stmt"/>
        <line num="9" count="3" type="stmt"/>
        <line num="13" count="3" type="cond" truecount="2" falsecount="0"/>
        <line num="14" count="1" type="stmt"/>
        <line num="17" count="2" type="stmt"/>
        <line num="20" count="4" type="stmt"/>
        <line num="21" count="2" type="stmt"/>
        <line num="25" count="2" type="cond" truecount="2" falsecount="0"/>
        <line num="26" count="1" type="stmt"/>
        <line num="29" count="1" type="stmt"/>
        <line num="32" count="5" type="stmt"/>
        <line num="37" count="3" type="stmt"/>
        <line num="49" count="3" type="cond" truecount="2" falsecount="0"/>
        <line num="50" count="1" type="stmt"/>
        <line num="54" count="4" type="stmt"/>
        <line num="55" count="2" type="stmt"/>
        <line num="65" count="2" type="cond" truecount="2" falsecount="0"/>
        <line num="66" count="1" type="stmt"/>
      </file>
    </package>
  </project>
</coverage>
