{"/Users/jianzhang/agi/pal/frontend/src/app/layout.tsx": {"path":"/Users/jianzhang/agi/pal/frontend/src/app/layout.tsx","statementMap":{"0":{"start":{"line":12,"column":24},"end":{"line":12,"column":35}},"1":{"start":{"line":7,"column":13},"end":{"line":7,"column":21}},"2":{"start":{"line":2,"column":22},"end":{"line":2,"column":null}},"3":{"start":{"line":3,"column":7},"end":{"line":3,"column":null}},"4":{"start":{"line":5,"column":14},"end":{"line":5,"column":null}},"5":{"start":{"line":7,"column":34},"end":{"line":10,"column":null}}},"fnMap":{"0":{"name":"RootLayout","decl":{"start":{"line":12,"column":24},"end":{"line":12,"column":35}},"loc":{"start":{"line":16,"column":1},"end":{"line":22,"column":1}}}},"branchMap":{},"s":{"0":3,"1":0,"2":1,"3":1,"4":1,"5":1},"f":{"0":3},"b":{}}
,"/Users/jianzhang/agi/pal/frontend/src/app/page.tsx": {"path":"/Users/jianzhang/agi/pal/frontend/src/app/page.tsx","statementMap":{"0":{"start":{"line":4,"column":30},"end":{"line":4,"column":null}},"1":{"start":{"line":1,"column":31},"end":{"line":1,"column":null}},"2":{"start":{"line":2,"column":22},"end":{"line":2,"column":null}},"3":{"start":{"line":5,"column":2},"end":{"line":29,"column":null}},"4":{"start":{"line":6,"column":18},"end":{"line":6,"column":null}},"5":{"start":{"line":14,"column":4},"end":{"line":14,"column":null}}},"fnMap":{"0":{"name":"Home","decl":{"start":{"line":4,"column":30},"end":{"line":4,"column":null}},"loc":{"start":{"line":4,"column":30},"end":{"line":30,"column":null}}}},"branchMap":{"0":{"loc":{"start":{"line":24,"column":26},"end":{"line":24,"column":null}},"type":"binary-expr","locations":[{"start":{"line":24,"column":26},"end":{"line":24,"column":57}},{"start":{"line":24,"column":61},"end":{"line":24,"column":null}}]}},"s":{"0":13,"1":1,"2":1,"3":13,"4":13,"5":8},"f":{"0":13},"b":{"0":[8,2]}}
,"/Users/jianzhang/agi/pal/frontend/src/components/Dashboard.tsx": {"path":"/Users/jianzhang/agi/pal/frontend/src/components/Dashboard.tsx","statementMap":{"0":{"start":{"line":33,"column":24},"end":{"line":33,"column":34}},"1":{"start":{"line":4,"column":38},"end":{"line":4,"column":null}},"2":{"start":{"line":5,"column":48},"end":{"line":5,"column":null}},"3":{"start":{"line":6,"column":19},"end":{"line":6,"column":null}},"4":{"start":{"line":7,"column":23},"end":{"line":7,"column":null}},"5":{"start":{"line":14,"column":71},"end":{"line":27,"column":null}},"6":{"start":{"line":30,"column":2},"end":{"line":30,"column":null}},"7":{"start":{"line":34,"column":42},"end":{"line":34,"column":null}},"8":{"start":{"line":35,"column":42},"end":{"line":35,"column":null}},"9":{"start":{"line":36,"column":28},"end":{"line":36,"column":null}},"10":{"start":{"line":38,"column":24},"end":{"line":57,"column":null}},"11":{"start":{"line":39,"column":4},"end":{"line":39,"column":null}},"12":{"start":{"line":40,"column":4},"end":{"line":40,"column":null}},"13":{"start":{"line":42,"column":4},"end":{"line":56,"column":null}},"14":{"start":{"line":44,"column":6},"end":{"line":44,"column":null}},"15":{"start":{"line":47,"column":6},"end":{"line":47,"column":null}},"16":{"start":{"line":47,"column":35},"end":{"line":47,"column":null}},"17":{"start":{"line":49,"column":23},"end":{"line":49,"column":null}},"18":{"start":{"line":50,"column":6},"end":{"line":50,"column":null}},"19":{"start":{"line":52,"column":6},"end":{"line":52,"column":null}},"20":{"start":{"line":53,"column":6},"end":{"line":53,"column":null}},"21":{"start":{"line":55,"column":6},"end":{"line":55,"column":null}},"22":{"start":{"line":60,"column":24},"end":{"line":61,"column":null}},"23":{"start":{"line":61,"column":21},"end":{"line":61,"column":null}},"24":{"start":{"line":108,"column":14},"end":{"line":109,"column":null}},"25":{"start":{"line":124,"column":26},"end":{"line":124,"column":null}},"26":{"start":{"line":125,"column":10},"end":{"line":127,"column":null}}},"fnMap":{"0":{"name":"getModuleDisplay","decl":{"start":{"line":29,"column":9},"end":{"line":29,"column":26}},"loc":{"start":{"line":29,"column":37},"end":{"line":31,"column":null}}},"1":{"name":"Dashboard","decl":{"start":{"line":33,"column":24},"end":{"line":33,"column":34}},"loc":{"start":{"line":33,"column":59},"end":{"line":161,"column":null}}},"2":{"name":"(anonymous_4)","decl":{"start":{"line":38,"column":36},"end":{"line":38,"column":null}},"loc":{"start":{"line":38,"column":36},"end":{"line":57,"column":5}}},"3":{"name":"(anonymous_5)","decl":{"start":{"line":47,"column":24},"end":{"line":47,"column":35}},"loc":{"start":{"line":47,"column":35},"end":{"line":47,"column":null}}},"4":{"name":"(anonymous_6)","decl":{"start":{"line":61,"column":4},"end":{"line":61,"column":5}},"loc":{"start":{"line":61,"column":21},"end":{"line":61,"column":null}}},"5":{"name":"(anonymous_7)","decl":{"start":{"line":107,"column":45},"end":{"line":107,"column":46}},"loc":{"start":{"line":108,"column":14},"end":{"line":109,"column":null}}},"6":{"name":"(anonymous_8)","decl":{"start":{"line":123,"column":27},"end":{"line":123,"column":28}},"loc":{"start":{"line":123,"column":41},"end":{"line":132,"column":null}}}},"branchMap":{"0":{"loc":{"start":{"line":30,"column":9},"end":{"line":30,"column":null}},"type":"binary-expr","locations":[{"start":{"line":30,"column":9},"end":{"line":30,"column":27}},{"start":{"line":30,"column":31},"end":{"line":30,"column":null}}]},"1":{"loc":{"start":{"line":61,"column":21},"end":{"line":61,"column":null}},"type":"binary-expr","locations":[{"start":{"line":61,"column":21},"end":{"line":61,"column":52}},{"start":{"line":61,"column":52},"end":{"line":61,"column":null}}]},"2":{"loc":{"start":{"line":73,"column":7},"end":{"line":73,"column":null}},"type":"binary-expr","locations":[{"start":{"line":73,"column":7},"end":{"line":73,"column":null}}]},"3":{"loc":{"start":{"line":80,"column":7},"end":{"line":80,"column":null}},"type":"binary-expr","locations":[{"start":{"line":80,"column":7},"end":{"line":80,"column":null}}]},"4":{"loc":{"start":{"line":103,"column":7},"end":{"line":103,"column":null}},"type":"binary-expr","locations":[{"start":{"line":103,"column":7},"end":{"line":103,"column":null}}]},"5":{"loc":{"start":{"line":136,"column":7},"end":{"line":136,"column":null}},"type":"binary-expr","locations":[{"start":{"line":136,"column":7},"end":{"line":136,"column":null}}]},"6":{"loc":{"start":{"line":150,"column":22},"end":{"line":150,"column":69}},"type":"binary-expr","locations":[{"start":{"line":150,"column":22},"end":{"line":150,"column":63}},{"start":{"line":150,"column":63},"end":{"line":150,"column":69}}]},"7":{"loc":{"start":{"line":153,"column":9},"end":{"line":153,"column":48}},"type":"binary-expr","locations":[{"start":{"line":153,"column":9},"end":{"line":153,"column":48}},{"start":{"line":153,"column":48},"end":{"line":153,"column":null}}]}},"s":{"0":37,"1":1,"2":1,"3":1,"4":1,"5":1,"6":93,"7":50,"8":50,"9":50,"10":50,"11":7,"12":7,"13":7,"14":7,"15":3,"16":3,"17":2,"18":2,"19":4,"20":4,"21":6,"22":50,"23":133,"24":49,"25":93,"26":93},"f":{"0":93,"1":50,"2":7,"3":3,"4":133,"5":49,"6":93},"b":{"0":[93,2],"1":[133,41],"2":[50],"3":[50],"4":[50],"5":[50],"6":[50,2],"7":[50,49]}}
,"/Users/jianzhang/agi/pal/frontend/src/components/Header.tsx": {"path":"/Users/jianzhang/agi/pal/frontend/src/components/Header.tsx","statementMap":{"0":{"start":{"line":12,"column":24},"end":{"line":12,"column":31}},"1":{"start":{"line":4,"column":23},"end":{"line":4,"column":null}},"2":{"start":{"line":13,"column":20},"end":{"line":13,"column":null}}},"fnMap":{"0":{"name":"Header","decl":{"start":{"line":12,"column":24},"end":{"line":12,"column":31}},"loc":{"start":{"line":12,"column":86},"end":{"line":75,"column":null}}}},"branchMap":{"0":{"loc":{"start":{"line":12,"column":51},"end":{"line":12,"column":71}},"type":"default-arg","locations":[{"start":{"line":12,"column":66},"end":{"line":12,"column":71}}]},"1":{"loc":{"start":{"line":32,"column":14},"end":{"line":34,"column":null}},"type":"cond-expr","locations":[{"start":{"line":33,"column":18},"end":{"line":33,"column":null}},{"start":{"line":34,"column":18},"end":{"line":34,"column":null}}]},"2":{"loc":{"start":{"line":37,"column":13},"end":{"line":58,"column":null}},"type":"cond-expr","locations":[{"start":{"line":38,"column":14},"end":{"line":58,"column":null}},{"start":{"line":58,"column":14},"end":{"line":58,"column":null}}]}},"s":{"0":67,"1":2,"2":67},"f":{"0":67},"b":{"0":[11],"1":[12,55],"2":[12,55]}}
,"/Users/jianzhang/agi/pal/frontend/src/components/ModuleCard.tsx": {"path":"/Users/jianzhang/agi/pal/frontend/src/components/ModuleCard.tsx","statementMap":{"0":{"start":{"line":25,"column":24},"end":{"line":25,"column":35}},"1":{"start":{"line":4,"column":25},"end":{"line":4,"column":null}},"2":{"start":{"line":11,"column":21},"end":{"line":16,"column":null}},"3":{"start":{"line":18,"column":21},"end":{"line":23,"column":null}},"4":{"start":{"line":26,"column":34},"end":{"line":26,"column":null}},"5":{"start":{"line":64,"column":27},"end":{"line":64,"column":null}},"6":{"start":{"line":73,"column":16},"end":{"line":74,"column":null}}},"fnMap":{"0":{"name":"ModuleCard","decl":{"start":{"line":25,"column":24},"end":{"line":25,"column":35}},"loc":{"start":{"line":25,"column":69},"end":{"line":95,"column":null}}},"1":{"name":"(anonymous_2)","decl":{"start":{"line":64,"column":21},"end":{"line":64,"column":27}},"loc":{"start":{"line":64,"column":27},"end":{"line":64,"column":null}}},"2":{"name":"(anonymous_3)","decl":{"start":{"line":72,"column":32},"end":{"line":72,"column":33}},"loc":{"start":{"line":73,"column":16},"end":{"line":74,"column":null}}}},"branchMap":{"0":{"loc":{"start":{"line":39,"column":7},"end":{"line":39,"column":21}},"type":"binary-expr","locations":[{"start":{"line":39,"column":7},"end":{"line":39,"column":21}}]},"1":{"loc":{"start":{"line":45,"column":9},"end":{"line":45,"column":null}},"type":"binary-expr","locations":[{"start":{"line":45,"column":9},"end":{"line":45,"column":null}}]},"2":{"loc":{"start":{"line":50,"column":9},"end":{"line":50,"column":null}},"type":"binary-expr","locations":[{"start":{"line":50,"column":9},"end":{"line":50,"column":null}}]},"3":{"loc":{"start":{"line":55,"column":9},"end":{"line":55,"column":35}},"type":"binary-expr","locations":[{"start":{"line":55,"column":9},"end":{"line":55,"column":35}},{"start":{"line":55,"column":35},"end":{"line":55,"column":null}}]},"4":{"loc":{"start":{"line":61,"column":7},"end":{"line":61,"column":null}},"type":"binary-expr","locations":[{"start":{"line":61,"column":7},"end":{"line":61,"column":null}}]},"5":{"loc":{"start":{"line":67,"column":13},"end":{"line":67,"column":44}},"type":"cond-expr","locations":[{"start":{"line":67,"column":24},"end":{"line":67,"column":35}},{"start":{"line":67,"column":35},"end":{"line":67,"column":44}}]},"6":{"loc":{"start":{"line":70,"column":11},"end":{"line":70,"column":null}},"type":"binary-expr","locations":[{"start":{"line":70,"column":11},"end":{"line":70,"column":null}}]},"7":{"loc":{"start":{"line":80,"column":22},"end":{"line":80,"column":null}},"type":"cond-expr","locations":[{"start":{"line":80,"column":53},"end":{"line":80,"column":83}},{"start":{"line":80,"column":83},"end":{"line":80,"column":null}}]}},"s":{"0":128,"1":2,"2":2,"3":2,"4":139,"5":11,"6":22},"f":{"0":139,"1":11,"2":22},"b":{"0":[139],"1":[139],"2":[139],"3":[139,3],"4":[139],"5":[11,34],"6":[45],"7":[11,11]}}
,"/Users/jianzhang/agi/pal/frontend/src/lib/api.ts": {"path":"/Users/jianzhang/agi/pal/frontend/src/lib/api.ts","statementMap":{"0":{"start":{"line":8,"column":22},"end":{"line":8,"column":36}},"1":{"start":{"line":54,"column":22},"end":{"line":54,"column":34}},"2":{"start":{"line":32,"column":22},"end":{"line":32,"column":36}},"3":{"start":{"line":20,"column":22},"end":{"line":20,"column":37}},"4":{"start":{"line":6,"column":17},"end":{"line":6,"column":null}},"5":{"start":{"line":9,"column":14},"end":{"line":11,"column":null}},"6":{"start":{"line":13,"column":2},"end":{"line":15,"column":null}},"7":{"start":{"line":14,"column":4},"end":{"line":14,"column":null}},"8":{"start":{"line":17,"column":2},"end":{"line":17,"column":null}},"9":{"start":{"line":21,"column":14},"end":{"line":23,"column":null}},"10":{"start":{"line":25,"column":2},"end":{"line":27,"column":null}},"11":{"start":{"line":26,"column":4},"end":{"line":26,"column":null}},"12":{"start":{"line":29,"column":2},"end":{"line":29,"column":null}},"13":{"start":{"line":37,"column":14},"end":{"line":47,"column":null}},"14":{"start":{"line":49,"column":2},"end":{"line":51,"column":null}},"15":{"start":{"line":50,"column":4},"end":{"line":50,"column":null}},"16":{"start":{"line":55,"column":14},"end":{"line":63,"column":null}},"17":{"start":{"line":65,"column":2},"end":{"line":67,"column":null}},"18":{"start":{"line":66,"column":4},"end":{"line":66,"column":null}}},"fnMap":{"0":{"name":"getLatestBrief","decl":{"start":{"line":8,"column":22},"end":{"line":8,"column":36}},"loc":{"start":{"line":8,"column":22},"end":{"line":18,"column":null}}},"1":{"name":"triggerBriefRun","decl":{"start":{"line":20,"column":22},"end":{"line":20,"column":37}},"loc":{"start":{"line":20,"column":22},"end":{"line":30,"column":null}}},"2":{"name":"recordFeedback","decl":{"start":{"line":32,"column":22},"end":{"line":32,"column":36}},"loc":{"start":{"line":35,"column":31},"end":{"line":52,"column":null}}},"3":{"name":"markItemSeen","decl":{"start":{"line":54,"column":22},"end":{"line":54,"column":34}},"loc":{"start":{"line":54,"column":51},"end":{"line":68,"column":null}}}},"branchMap":{"0":{"loc":{"start":{"line":6,"column":17},"end":{"line":6,"column":null}},"type":"binary-expr","locations":[{"start":{"line":6,"column":17},"end":{"line":6,"column":48}},{"start":{"line":6,"column":52},"end":{"line":6,"column":null}}]},"1":{"loc":{"start":{"line":13,"column":2},"end":{"line":15,"column":null}},"type":"if","locations":[{"start":{"line":13,"column":2},"end":{"line":15,"column":null}},{"start":{},"end":{}}]},"2":{"loc":{"start":{"line":25,"column":2},"end":{"line":27,"column":null}},"type":"if","locations":[{"start":{"line":25,"column":2},"end":{"line":27,"column":null}},{"start":{},"end":{}}]},"3":{"loc":{"start":{"line":49,"column":2},"end":{"line":51,"column":null}},"type":"if","locations":[{"start":{"line":49,"column":2},"end":{"line":51,"column":null}},{"start":{},"end":{}}]},"4":{"loc":{"start":{"line":65,"column":2},"end":{"line":67,"column":null}},"type":"if","locations":[{"start":{"line":65,"column":2},"end":{"line":67,"column":null}},{"start":{},"end":{}}]}},"s":{"0":5,"1":4,"2":5,"3":4,"4":4,"5":3,"6":3,"7":1,"8":2,"9":2,"10":2,"11":1,"12":1,"13":3,"14":3,"15":1,"16":2,"17":2,"18":1},"f":{"0":3,"1":2,"2":3,"3":2},"b":{"0":[4,3],"1":[1,2],"2":[1,1],"3":[1,2],"4":[1,1]}}
}
