TN:
SF:src/app/layout.tsx
FN:12,RootLayout
FNF:1
FNH:1
FNDA:3,RootLayout
DA:2,1
DA:3,1
DA:5,1
DA:7,1
DA:12,3
LF:5
LH:5
BRF:0
BRH:0
end_of_record
TN:
SF:src/app/page.tsx
FN:4,Home
FNF:1
FNH:1
FNDA:13,Home
DA:1,1
DA:2,1
DA:4,13
DA:5,13
DA:6,13
DA:14,8
LF:6
LH:6
BRDA:24,0,0,8
BRDA:24,0,1,2
BRF:2
BRH:2
end_of_record
TN:
SF:src/components/Dashboard.tsx
FN:29,getModuleDisplay
FN:33,Dashboard
FN:38,(anonymous_4)
FN:47,(anonymous_5)
FN:61,(anonymous_6)
FN:107,(anonymous_7)
FN:123,(anonymous_8)
FNF:7
FNH:7
FNDA:93,getModuleDisplay
FNDA:50,Dashboard
FNDA:7,(anonymous_4)
FNDA:3,(anonymous_5)
FNDA:133,(anonymous_6)
FNDA:49,(anonymous_7)
FNDA:93,(anonymous_8)
DA:4,1
DA:5,1
DA:6,1
DA:7,1
DA:14,1
DA:30,93
DA:33,37
DA:34,50
DA:35,50
DA:36,50
DA:38,50
DA:39,7
DA:40,7
DA:42,7
DA:44,7
DA:47,3
DA:49,2
DA:50,2
DA:52,4
DA:53,4
DA:55,6
DA:60,50
DA:61,133
DA:108,49
DA:124,93
DA:125,93
LF:26
LH:26
BRDA:30,0,0,93
BRDA:30,0,1,2
BRDA:61,1,0,133
BRDA:61,1,1,41
BRDA:73,2,0,50
BRDA:80,3,0,50
BRDA:103,4,0,50
BRDA:136,5,0,50
BRDA:150,6,0,50
BRDA:150,6,1,2
BRDA:153,7,0,50
BRDA:153,7,1,49
BRF:12
BRH:12
end_of_record
TN:
SF:src/components/Header.tsx
FN:12,Header
FNF:1
FNH:1
FNDA:67,Header
DA:4,2
DA:12,67
DA:13,67
LF:3
LH:3
BRDA:12,0,0,11
BRDA:32,1,0,12
BRDA:32,1,1,55
BRDA:37,2,0,12
BRDA:37,2,1,55
BRF:5
BRH:5
end_of_record
TN:
SF:src/components/ModuleCard.tsx
FN:25,ModuleCard
FN:64,(anonymous_2)
FN:72,(anonymous_3)
FNF:3
FNH:3
FNDA:139,ModuleCard
FNDA:11,(anonymous_2)
FNDA:22,(anonymous_3)
DA:4,2
DA:11,2
DA:18,2
DA:25,128
DA:26,139
DA:64,11
DA:73,22
LF:7
LH:7
BRDA:39,0,0,139
BRDA:45,1,0,139
BRDA:50,2,0,139
BRDA:55,3,0,139
BRDA:55,3,1,3
BRDA:61,4,0,139
BRDA:67,5,0,11
BRDA:67,5,1,34
BRDA:70,6,0,45
BRDA:80,7,0,11
BRDA:80,7,1,11
BRF:11
BRH:11
end_of_record
TN:
SF:src/lib/api.ts
FN:8,getLatestBrief
FN:20,triggerBriefRun
FN:32,recordFeedback
FN:54,markItemSeen
FNF:4
FNH:4
FNDA:3,getLatestBrief
FNDA:2,triggerBriefRun
FNDA:3,recordFeedback
FNDA:2,markItemSeen
DA:6,4
DA:8,5
DA:9,3
DA:13,3
DA:14,1
DA:17,2
DA:20,4
DA:21,2
DA:25,2
DA:26,1
DA:29,1
DA:32,5
DA:37,3
DA:49,3
DA:50,1
DA:54,4
DA:55,2
DA:65,2
DA:66,1
LF:19
LH:19
BRDA:6,0,0,4
BRDA:6,0,1,3
BRDA:13,1,0,1
BRDA:13,1,1,2
BRDA:25,2,0,1
BRDA:25,2,1,1
BRDA:49,3,0,1
BRDA:49,3,1,2
BRDA:65,4,0,1
BRDA:65,4,1,1
BRF:10
BRH:10
end_of_record
